<?xml version="1.0" encoding="UTF-8"?>
<!-- Generated by org.testng.reporters.JUnitReportReporter -->
<testsuite hostname="DESKTOP-VIMU54J" name="com.qa.testngconcept.parameterconcept.TestngParameterConcept" tests="1" failures="0" timestamp="10 Jul 2019 12:12:44 GMT" time="36.631" errors="0">
  <testcase name="loginToYahoo" time="36.631" classname="com.qa.testngconcept.parameterconcept.TestngParameterConcept"/>
</testsuite> <!-- com.qa.testngconcept.parameterconcept.TestngParameterConcept -->
