<?xml version="1.0" encoding="UTF-8"?>
<!-- Generated by org.testng.reporters.JUnitReportReporter -->
<testsuite hostname="DESKTOP-VIMU54J" name="com.test.GoogleTest" tests="8" failures="0" timestamp="3 Jul 2019 06:51:23 GMT" time="89.851" errors="0">
  <testcase name="facebookLogo1" time="10.796" classname="com.test.GoogleTest"/>
  <testcase name="facebookLogo4" time="10.253" classname="com.test.GoogleTest"/>
  <testcase name="facebookLogo3" time="10.074" classname="com.test.GoogleTest"/>
  <testcase name="testmethod" time="10.597" classname="com.test.GoogleTest"/>
  <testcase name="facebookLogo0" time="13.043" classname="com.test.GoogleTest"/>
  <testcase name="facebookLogo5" time="11.860" classname="com.test.GoogleTest"/>
  <testcase name="facebookLogo" time="11.119" classname="com.test.GoogleTest"/>
  <testcase name="facebookLogo2" time="12.109" classname="com.test.GoogleTest"/>
</testsuite> <!-- com.test.GoogleTest -->
