<?xml version="1.0" encoding="UTF-8"?>
<!-- Generated by org.testng.reporters.JUnitReportReporter -->
<testsuite hostname="DESKTOP-VIMU54J" name="com.test.InvocationCountTest" tests="10" failures="0" timestamp="3 Jul 2019 07:04:18 GMT" time="0.038" errors="0">
  <testcase name="add" time="0.003" classname="com.test.InvocationCountTest"/>
  <testcase name="add" time="0.003" classname="com.test.InvocationCountTest"/>
  <testcase name="add" time="0.003" classname="com.test.InvocationCountTest"/>
  <testcase name="add" time="0.003" classname="com.test.InvocationCountTest"/>
  <testcase name="add" time="0.002" classname="com.test.InvocationCountTest"/>
  <testcase name="add" time="0.002" classname="com.test.InvocationCountTest"/>
  <testcase name="add" time="0.013" classname="com.test.InvocationCountTest"/>
  <testcase name="add" time="0.003" classname="com.test.InvocationCountTest"/>
  <testcase name="add" time="0.003" classname="com.test.InvocationCountTest"/>
  <testcase name="add" time="0.003" classname="com.test.InvocationCountTest"/>
</testsuite> <!-- com.test.InvocationCountTest -->
