<?xml version="1.0" encoding="UTF-8"?>
<!-- Generated by org.testng.reporters.JUnitReportReporter -->
<testsuite hostname="DESKTOP-VIMU54J" name="com.qa.testngconcepts.InvocationCountTest" tests="10" failures="0" timestamp="10 Jul 2019 10:45:14 GMT" time="0.035" errors="0">
  <testcase name="add" time="0.003" classname="com.qa.testngconcepts.InvocationCountTest"/>
  <testcase name="add" time="0.001" classname="com.qa.testngconcepts.InvocationCountTest"/>
  <testcase name="add" time="0.002" classname="com.qa.testngconcepts.InvocationCountTest"/>
  <testcase name="add" time="0.004" classname="com.qa.testngconcepts.InvocationCountTest"/>
  <testcase name="add" time="0.003" classname="com.qa.testngconcepts.InvocationCountTest"/>
  <testcase name="add" time="0.002" classname="com.qa.testngconcepts.InvocationCountTest"/>
  <testcase name="add" time="0.013" classname="com.qa.testngconcepts.InvocationCountTest"/>
  <testcase name="add" time="0.002" classname="com.qa.testngconcepts.InvocationCountTest"/>
  <testcase name="add" time="0.003" classname="com.qa.testngconcepts.InvocationCountTest"/>
  <testcase name="add" time="0.002" classname="com.qa.testngconcepts.InvocationCountTest"/>
</testsuite> <!-- com.qa.testngconcepts.InvocationCountTest -->
