<?xml version="1.0" encoding="UTF-8"?>
<!-- Generated by org.testng.reporters.JUnitReportReporter -->
<testsuite hostname="DESKTOP-VIMU54J" name="com.qa.testngconcepts.GoogleTest" tests="2" failures="0" timestamp="10 Jul 2019 10:07:41 GMT" time="22.252" errors="0">
  <testcase name="getUrlDetails" time="8.390" classname="com.qa.testngconcepts.GoogleTest"/>
  <testcase name="navigate" time="13.862" classname="com.qa.testngconcepts.GoogleTest"/>
</testsuite> <!-- com.qa.testngconcepts.GoogleTest -->
