<?xml version="1.0" encoding="UTF-8"?>
<!-- Generated by org.testng.reporters.JUnitReportReporter -->
<testsuite hostname="DESKTOP-VIMU54J" name="com.test.TestNgClass" tests="2" failures="0" timestamp="3 Jul 2019 05:51:47 GMT" time="0.013" errors="0">
  <testcase name="getTitle" time="0.009" classname="com.test.TestNgClass"/>
  <testcase name="search" time="0.004" classname="com.test.TestNgClass"/>
</testsuite> <!-- com.test.TestNgClass -->
