<?xml version="1.0" encoding="UTF-8"?>
<!-- Generated by org.testng.reporters.JUnitReportReporter -->
<testsuite hostname="DESKTOP-VIMU54J" name="com.qa.testngconcepts.GoogleTestExtra" tests="8" failures="0" timestamp="10 Jul 2019 10:32:15 GMT" time="144.377" errors="0">
  <testcase name="facebookLogo4" time="12.083" classname="com.qa.testngconcepts.GoogleTestExtra"/>
  <testcase name="facebookLogo1" time="10.117" classname="com.qa.testngconcepts.GoogleTestExtra"/>
  <testcase name="facebookLogo5" time="11.903" classname="com.qa.testngconcepts.GoogleTestExtra"/>
  <testcase name="testmethod" time="27.729" classname="com.qa.testngconcepts.GoogleTestExtra"/>
  <testcase name="facebookLogo0" time="23.797" classname="com.qa.testngconcepts.GoogleTestExtra"/>
  <testcase name="facebookLogo" time="19.700" classname="com.qa.testngconcepts.GoogleTestExtra"/>
  <testcase name="facebookLogo2" time="15.232" classname="com.qa.testngconcepts.GoogleTestExtra"/>
  <testcase name="facebookLogo3" time="23.816" classname="com.qa.testngconcepts.GoogleTestExtra"/>
</testsuite> <!-- com.qa.testngconcepts.GoogleTestExtra -->
